<?xml version="1.0" encoding="UTF-8"?>
<!-- Generated by org.testng.reporters.JUnitReportReporter -->
<testsuite hostname="DESKTOP-IBDLSNL" failures="0" tests="1" name="testCases.ManageContent_PagesTestCase" time="9.912" errors="0" timestamp="2023-01-02T21:45:29 IST" skipped="0">
  <testcase classname="testCases.ManageContent_PagesTestCase" name="verifyLinkContentFromDescriptionIsVisibleInNewPage" time="9.912"/>
  <system-out/>
</testsuite> <!-- testCases.ManageContent_PagesTestCase -->
