<?xml version="1.0" encoding="UTF-8"?>
<!-- Generated by org.testng.reporters.JUnitReportReporter -->
<testsuite hostname="DESKTOP-IBDLSNL" failures="0" tests="2" name="testCases.PushNotificationTestCase" time="29.294" errors="0" timestamp="2023-01-02T21:45:29 IST" skipped="0">
  <testcase classname="testCases.PushNotificationTestCase" name="verifyPushNotificationInformationsCanBeSendUsingCSSSelector" time="5.222"/>
  <system-out/>
  <testcase classname="testCases.PushNotificationTestCase" name="verifyPushNotificationInformationsCanBeResetUsingCSSSelector" time="24.072"/>
  <system-out/>
</testsuite> <!-- testCases.PushNotificationTestCase -->
