<?xml version="1.0" encoding="UTF-8"?>
<!-- Generated by org.testng.reporters.JUnitReportReporter -->
<testsuite hostname="DESKTOP-IBDLSNL" failures="0" tests="3" name="testCases.LoginPageTestCase" time="25.623" errors="0" timestamp="2022-12-07T12:00:40 IST" skipped="0">
  <testcase classname="testCases.LoginPageTestCase" name="verifySignInPageTitle" time="3.054"/>
  <system-out/>
  <testcase classname="testCases.LoginPageTestCase" name="verifySignInPageURL" time="3.586"/>
  <system-out/>
  <testcase classname="testCases.LoginPageTestCase" name="verifySignInWithValidCredentials" time="18.983"/>
  <system-out/>
</testsuite> <!-- testCases.LoginPageTestCase -->
