<?xml version="1.0" encoding="UTF-8"?>
<!-- Generated by org.testng.reporters.JUnitReportReporter -->
<testsuite hostname="DESKTOP-IBDLSNL" failures="0" tests="1" name="testCases.AdminUsersTestCase" time="7.589" errors="0" timestamp="2022-12-07T12:43:23 IST" skipped="0">
  <testcase classname="testCases.AdminUsersTestCase" name="verifyWhetherANewUserIsAbleToLoginToApplication" time="7.589"/>
  <system-out/>
</testsuite> <!-- testCases.AdminUsersTestCase -->
