<?xml version="1.0" encoding="UTF-8"?>
<!-- Generated by org.testng.reporters.JUnitReportReporter -->
<testsuite hostname="DESKTOP-IBDLSNL" failures="0" tests="1" name="testCases.ManageExpense_ManageExpenseTestCase" time="15.003" errors="0" timestamp="2023-01-02T21:45:29 IST" skipped="0">
  <testcase classname="testCases.ManageExpense_ManageExpenseTestCase" name="verifyNewReportTabIsOpeningWhileClickingReportButton" time="15.003"/>
  <system-out/>
</testsuite> <!-- testCases.ManageExpense_ManageExpenseTestCase -->
