<?xml version="1.0" encoding="UTF-8"?>
<!-- Generated by org.testng.reporters.JUnitReportReporter -->
<testsuite hostname="DESKTOP-IBDLSNL" failures="0" tests="1" name="testCases.ManageSliderPageTestCase" time="12.377" errors="0" timestamp="2023-01-02T21:45:29 IST" skipped="0">
  <testcase classname="testCases.ManageSliderPageTestCase" name="verifyImageUploadedIsSameAsShownInTable" time="12.377"/>
  <system-out/>
</testsuite> <!-- testCases.ManageSliderPageTestCase -->
