<?xml version="1.0" encoding="UTF-8"?>
<!-- Generated by org.testng.reporters.JUnitReportReporter -->
<testsuite hostname="DESKTOP-IBDLSNL" failures="0" tests="3" name="testCases.DashboardPageTestCase" time="41.837" errors="0" timestamp="2023-01-02T21:45:29 IST" skipped="0">
  <testcase classname="testCases.DashboardPageTestCase" name="verifyTheFontSizeOfManagePages" time="19.284"/>
  <system-out/>
  <testcase classname="testCases.DashboardPageTestCase" name="verifyTheBackgroundColorOfDashboard" time="3.332"/>
  <system-out/>
  <testcase classname="testCases.DashboardPageTestCase" name="verifyTheFontTypeOfManageProduct" time="19.221"/>
  <system-out/>
</testsuite> <!-- testCases.DashboardPageTestCase -->
